<?xml version="1.0" encoding="UTF-8"?>
<!-- Generated by org.testng.reporters.JUnitXMLReporter -->
<testsuite ignored="10" hostname="DESKTOP-V7TEC23" failures="0" tests="5" name="Amazon Test" time="38.986" errors="0" timestamp="2020-11-25T16:33:28 GMT-08:00">
  <testcase classname="co.amazon.test1.TC_page1" name="searchMethod" time="6.392"/>
  <testcase classname="co.amazon.test1.TC_page2" name="selectItem" time="8.414"/>
  <testcase classname="co.amazon.test1.TC_page3" name="selectToCart" time="1.96"/>
  <testcase classname="co.amazon.test1.TC_page4" name="shoppingCartValidation" time="9.746"/>
  <testcase classname="co.amazon.test1.TC_page5" name="setAccountData" time="0.417"/>
  <testcase classname="co.amazon.test1.Base_class" name="@AfterSuite tearDown" time="0.0">
    <ignored/>
  </testcase> <!-- @AfterSuite tearDown -->
  <testcase classname="co.amazon.test1.Base_class" name="@AfterSuite tearDown" time="0.0">
    <ignored/>
  </testcase> <!-- @AfterSuite tearDown -->
  <testcase classname="co.amazon.test1.Base_class" name="@AfterSuite tearDown" time="0.0">
    <ignored/>
  </testcase> <!-- @AfterSuite tearDown -->
  <testcase classname="co.amazon.test1.Base_class" name="@AfterSuite tearDown" time="0.0">
    <ignored/>
  </testcase> <!-- @AfterSuite tearDown -->
  <testcase classname="co.amazon.test1.Base_class" name="@AfterSuite tearDown" time="0.0">
    <ignored/>
  </testcase> <!-- @AfterSuite tearDown -->
  <testcase classname="co.amazon.test1.Base_class" name="@BeforeSuite browserSetup" time="0.0">
    <ignored/>
  </testcase> <!-- @BeforeSuite browserSetup -->
  <testcase classname="co.amazon.test1.Base_class" name="@BeforeSuite browserSetup" time="0.0">
    <ignored/>
  </testcase> <!-- @BeforeSuite browserSetup -->
  <testcase classname="co.amazon.test1.Base_class" name="@BeforeSuite browserSetup" time="0.0">
    <ignored/>
  </testcase> <!-- @BeforeSuite browserSetup -->
  <testcase classname="co.amazon.test1.Base_class" name="@BeforeSuite browserSetup" time="0.0">
    <ignored/>
  </testcase> <!-- @BeforeSuite browserSetup -->
  <testcase classname="co.amazon.test1.Base_class" name="@BeforeSuite browserSetup" time="0.0">
    <ignored/>
  </testcase> <!-- @BeforeSuite browserSetup -->
</testsuite> <!-- Amazon Test -->
